<?xml version="1.0" encoding="UTF-8"?>
<testng-results skipped="0" failed="0" ignored="0" total="3" passed="3">
  <reporter-output>
    <line>
      <![CDATA[Empty browser is launched]]>
    </line>
    <line>
      <![CDATA[Browser window is maximized]]>
    </line>
    <line>
      <![CDATA[Application Main page is displayed successfully]]>
    </line>
    <line>
      <![CDATA[Automobile module page is displayed successfully]]>
    </line>
    <line>
      <![CDATA[Make label is displayed]]>
    </line>
    <line>
      <![CDATA[Make Label is matched]]>
    </line>
    <line>
      <![CDATA[Closed the browser session successfully]]>
    </line>
    <line>
      <![CDATA[Empty browser is launched]]>
    </line>
    <line>
      <![CDATA[Browser window is maximized]]>
    </line>
    <line>
      <![CDATA[Application Main page is displayed successfully]]>
    </line>
    <line>
      <![CDATA[Automobile module page is displayed successfully]]>
    </line>
    <line>
      <![CDATA[Make dropdown is Multiple: false]]>
    </line>
    <line>
      <![CDATA[Closed the browser session successfully]]>
    </line>
    <line>
      <![CDATA[Empty browser is launched]]>
    </line>
    <line>
      <![CDATA[Browser window is maximized]]>
    </line>
    <line>
      <![CDATA[Application Main page is displayed successfully]]>
    </line>
    <line>
      <![CDATA[Automobile module page is displayed successfully]]>
    </line>
    <line>
      <![CDATA[Make dropdown options are matched with the requriment]]>
    </line>
    <line>
      <![CDATA[Closed the browser session successfully]]>
    </line>
  </reporter-output>
  <suite name="Suite" duration-ms="90945" started-at="2023-01-24T10:36:55 IST" finished-at="2023-01-24T10:38:26 IST">
    <groups>
    </groups>
    <test name="Test" duration-ms="90945" started-at="2023-01-24T10:36:55 IST" finished-at="2023-01-24T10:38:26 IST">
      <class name="automobileModule.TC_AM_EnterVehicleData_001_Test">
        <test-method status="PASS" signature="browserSetUp(java.lang.String)[pri:0, instance:automobileModule.TC_AM_EnterVehicleData_001_Test@5ed828d]" name="browserSetUp" is-config="true" duration-ms="26790" started-at="2023-01-24T10:36:55 IST" finished-at="2023-01-24T10:37:22 IST">
          <params>
            <param index="0">
              <value>
                <![CDATA[Firefox]]>
              </value>
            </param>
          </params>
          <reporter-output>
            <line>
              <![CDATA[Empty browser is launched]]>
            </line>
            <line>
              <![CDATA[Browser window is maximized]]>
            </line>
            <line>
              <![CDATA[Application Main page is displayed successfully]]>
            </line>
          </reporter-output>
        </test-method> <!-- browserSetUp -->
        <test-method status="PASS" signature="TC_AM_EnterVehicleData_001()[pri:0, instance:automobileModule.TC_AM_EnterVehicleData_001_Test@5ed828d]" name="TC_AM_EnterVehicleData_001" duration-ms="6672" started-at="2023-01-24T10:37:22 IST" finished-at="2023-01-24T10:37:29 IST">
          <reporter-output>
            <line>
              <![CDATA[Automobile module page is displayed successfully]]>
            </line>
            <line>
              <![CDATA[Make label is displayed]]>
            </line>
            <line>
              <![CDATA[Make Label is matched]]>
            </line>
          </reporter-output>
        </test-method> <!-- TC_AM_EnterVehicleData_001 -->
        <test-method status="PASS" signature="browserTearDown()[pri:0, instance:automobileModule.TC_AM_EnterVehicleData_001_Test@5ed828d]" name="browserTearDown" is-config="true" duration-ms="4851" started-at="2023-01-24T10:37:29 IST" finished-at="2023-01-24T10:37:34 IST">
          <reporter-output>
            <line>
              <![CDATA[Closed the browser session successfully]]>
            </line>
          </reporter-output>
        </test-method> <!-- browserTearDown -->
      </class> <!-- automobileModule.TC_AM_EnterVehicleData_001_Test -->
      <class name="automobileModule.TC_AM_EnterVehicleData_003_Test">
        <test-method status="PASS" signature="browserSetUp(java.lang.String)[pri:0, instance:automobileModule.TC_AM_EnterVehicleData_003_Test@77f99a05]" name="browserSetUp" is-config="true" duration-ms="18804" started-at="2023-01-24T10:37:34 IST" finished-at="2023-01-24T10:37:52 IST">
          <params>
            <param index="0">
              <value>
                <![CDATA[Firefox]]>
              </value>
            </param>
          </params>
          <reporter-output>
            <line>
              <![CDATA[Empty browser is launched]]>
            </line>
            <line>
              <![CDATA[Browser window is maximized]]>
            </line>
            <line>
              <![CDATA[Application Main page is displayed successfully]]>
            </line>
          </reporter-output>
        </test-method> <!-- browserSetUp -->
        <test-method status="PASS" signature="TC_AM_EnterVehicleData_003()[pri:0, instance:automobileModule.TC_AM_EnterVehicleData_003_Test@77f99a05]" name="TC_AM_EnterVehicleData_003" duration-ms="2456" started-at="2023-01-24T10:37:52 IST" finished-at="2023-01-24T10:37:55 IST">
          <reporter-output>
            <line>
              <![CDATA[Automobile module page is displayed successfully]]>
            </line>
            <line>
              <![CDATA[Make dropdown is Multiple: false]]>
            </line>
          </reporter-output>
        </test-method> <!-- TC_AM_EnterVehicleData_003 -->
        <test-method status="PASS" signature="browserTearDown()[pri:0, instance:automobileModule.TC_AM_EnterVehicleData_003_Test@77f99a05]" name="browserTearDown" is-config="true" duration-ms="4897" started-at="2023-01-24T10:37:55 IST" finished-at="2023-01-24T10:38:00 IST">
          <reporter-output>
            <line>
              <![CDATA[Closed the browser session successfully]]>
            </line>
          </reporter-output>
        </test-method> <!-- browserTearDown -->
      </class> <!-- automobileModule.TC_AM_EnterVehicleData_003_Test -->
      <class name="automobileModule.TC_AM_EnterVehicleData_002_Test">
        <test-method status="PASS" signature="browserSetUp(java.lang.String)[pri:0, instance:automobileModule.TC_AM_EnterVehicleData_002_Test@63440df3]" name="browserSetUp" is-config="true" duration-ms="19268" started-at="2023-01-24T10:38:00 IST" finished-at="2023-01-24T10:38:19 IST">
          <params>
            <param index="0">
              <value>
                <![CDATA[Firefox]]>
              </value>
            </param>
          </params>
          <reporter-output>
            <line>
              <![CDATA[Empty browser is launched]]>
            </line>
            <line>
              <![CDATA[Browser window is maximized]]>
            </line>
            <line>
              <![CDATA[Application Main page is displayed successfully]]>
            </line>
          </reporter-output>
        </test-method> <!-- browserSetUp -->
        <test-method status="PASS" signature="TC_AM_EnterVehicleData_002()[pri:0, instance:automobileModule.TC_AM_EnterVehicleData_002_Test@63440df3]" name="TC_AM_EnterVehicleData_002" duration-ms="3014" started-at="2023-01-24T10:38:19 IST" finished-at="2023-01-24T10:38:22 IST">
          <reporter-output>
            <line>
              <![CDATA[Automobile module page is displayed successfully]]>
            </line>
            <line>
              <![CDATA[Make dropdown options are matched with the requriment]]>
            </line>
          </reporter-output>
        </test-method> <!-- TC_AM_EnterVehicleData_002 -->
        <test-method status="PASS" signature="browserTearDown()[pri:0, instance:automobileModule.TC_AM_EnterVehicleData_002_Test@63440df3]" name="browserTearDown" is-config="true" duration-ms="4061" started-at="2023-01-24T10:38:22 IST" finished-at="2023-01-24T10:38:26 IST">
          <reporter-output>
            <line>
              <![CDATA[Closed the browser session successfully]]>
            </line>
          </reporter-output>
        </test-method> <!-- browserTearDown -->
      </class> <!-- automobileModule.TC_AM_EnterVehicleData_002_Test -->
    </test> <!-- Test -->
  </suite> <!-- Suite -->
</testng-results>
