<?xml version="1.0" encoding="UTF-8"?>
<testng-results skipped="0" failed="0" ignored="0" total="1" passed="1">
  <reporter-output>
    <line>
      <![CDATA[Empty browser is launched]]>
    </line>
    <line>
      <![CDATA[Browser window is maximized]]>
    </line>
    <line>
      <![CDATA[Application Main page is displayed successfully]]>
    </line>
    <line>
      <![CDATA[TC_AM_EnterVehicleData_001_Test]]>
    </line>
    <line>
      <![CDATA[Automobile module page is displayed successfully]]>
    </line>
    <line>
      <![CDATA[Make label is displayed]]>
    </line>
    <line>
      <![CDATA[Make Label is matched]]>
    </line>
    <line>
      <![CDATA[Closed the browser session successfully]]>
    </line>
  </reporter-output>
  <suite name="Default suite" duration-ms="20759" started-at="2023-01-24T18:11:04 IST" finished-at="2023-01-24T18:11:25 IST">
    <groups>
    </groups>
    <test name="Default test" duration-ms="20759" started-at="2023-01-24T18:11:04 IST" finished-at="2023-01-24T18:11:25 IST">
      <class name="automobileModule.TC_AM_EnterVehicleData_001_Test">
        <test-method status="PASS" signature="browserSetUp(java.lang.String)[pri:0, instance:automobileModule.TC_AM_EnterVehicleData_001_Test@2bbf4b8b]" name="browserSetUp" is-config="true" duration-ms="14668" started-at="2023-01-24T18:11:04 IST" finished-at="2023-01-24T18:11:19 IST">
          <params>
            <param index="0">
              <value>
                <![CDATA[Chrome]]>
              </value>
            </param>
          </params>
          <reporter-output>
            <line>
              <![CDATA[Empty browser is launched]]>
            </line>
            <line>
              <![CDATA[Browser window is maximized]]>
            </line>
            <line>
              <![CDATA[Application Main page is displayed successfully]]>
            </line>
          </reporter-output>
        </test-method> <!-- browserSetUp -->
        <test-method status="PASS" signature="make()[pri:0, instance:automobileModule.TC_AM_EnterVehicleData_001_Test@2bbf4b8b]" name="make" duration-ms="4843" started-at="2023-01-24T18:11:19 IST" finished-at="2023-01-24T18:11:24 IST">
          <reporter-output>
            <line>
              <![CDATA[TC_AM_EnterVehicleData_001_Test]]>
            </line>
            <line>
              <![CDATA[Automobile module page is displayed successfully]]>
            </line>
            <line>
              <![CDATA[Make label is displayed]]>
            </line>
            <line>
              <![CDATA[Make Label is matched]]>
            </line>
          </reporter-output>
        </test-method> <!-- make -->
        <test-method status="PASS" signature="browserTearDown()[pri:0, instance:automobileModule.TC_AM_EnterVehicleData_001_Test@2bbf4b8b]" name="browserTearDown" is-config="true" duration-ms="1144" started-at="2023-01-24T18:11:24 IST" finished-at="2023-01-24T18:11:25 IST">
          <reporter-output>
            <line>
              <![CDATA[Closed the browser session successfully]]>
            </line>
          </reporter-output>
        </test-method> <!-- browserTearDown -->
      </class> <!-- automobileModule.TC_AM_EnterVehicleData_001_Test -->
    </test> <!-- Default test -->
  </suite> <!-- Default suite -->
</testng-results>
