<?xml version="1.0" encoding="UTF-8"?>
<!-- Generated by org.testng.reporters.JUnitXMLReporter -->
<testsuite hostname="DESKTOP-KM30SPA" ignored="0" name="Test" tests="3" failures="0" timestamp="2023-01-24T11:33:43 IST" time="89.55" errors="0">
  <testcase name="TC_AM_EnterVehicleData_001" time="6.548" classname="automobileModule.TC_AM_EnterVehicleData_001_Test"/>
  <testcase name="TC_AM_EnterVehicleData_003" time="2.484" classname="automobileModule.TC_AM_EnterVehicleData_003_Test"/>
  <testcase name="TC_AM_EnterVehicleData_002" time="3.796" classname="automobileModule.TC_AM_EnterVehicleData_002_Test"/>
</testsuite> <!-- Test -->
